#RM descr ss h5 ss(tag="5p") h5 ss h3 ss(tag="3p") h3 ss
AB001025   1   8060 29 gaa agg c   cttat cagtgg gtggg . tct tca
AB008226   0   4438 29 cag tat c   tttaa cagtgc ttgag . atg ctt
AB011178   1   3312 29 agc ctc c   tcatt cagtga agtga . ggg tga
AB011178   1   3314 32 tca gcc tcc tcatt cagtga agtga g ggt gag
AB011399   0 150837 29 tca ttc c   ccctg cagtgt tgggg . gag gag
AB011399   0 151258 29 tca ttc c   ccctg cagtgt tgggg . gag gag
AB020858   0  74229 32 cag att gac aggta cagtgt tgttt t aat gtc
AC000041   0  14978 32 gcc ggg tgc tgtgg cagtgc ctgta a tcc cag
AC000117   0  17284 32 tga gga gcc tggaa cagtgc ttcca t ttc ata
AC000134   1  38711 32 gcc ctg cac ctgtc cagtga ggtag g cag ggc
AC000394   0  17742 32 taa ttt ccc ttttt cagtgg aagag a aga tgg
AC001231   1  55166 32 acc ttg gcc tccca cagtgc tggga t taa agg
AC002059   0 151078 32 gcc ggg tgc tgtgg cagtgc ctgta a tcc cag
AC002322   1  12519 29 ccg ggg c   tatgg cagtgg ttgtg . cct cag
AC002395   1  80784 29 cgg tgg c   catgg cagtgc ttgtg . tca ccc
AC003025   1  96821 29 ttc ctg c   ttcaa cagtgc ttgga . cgg aac
AC003025   1  96823 32 gtt tcc tgc ttcaa cagtgc ttgga c gga acc
AC003036   0  46408 32 gct ggt ggc gggcc cagtgg ggctc c act tga
AC003036   1  25569 29 cca att c   ttggg cagtgt ctcag . ggt gct
AC003036   1  48641 29 aaa gct c   cagct cagtgg ggttg . agt gga
AC003665   0  73678 32 ggt gat tcc aggga cagtga tcttt g att tga
AC003678   1  13323 29 ttc tct c   ttcca cagtgt tgggg . aga cag
AC003689   1  91474 29 ttc tct c   ttcca cagtgt tgggg . aga cag
AC003957   0 114337 32 acc tta gcc ttcca cagtgc tggga t taa agg
AC003973   1  10085 32 cct ttt ttc tttgg cagtgc ccagg c aga aga
AC003999   1  43701 32 gta taa cac agatt cagtgt aattt g ttg aga
AC004043   0  44532 29 ttg tgt c   tgttg cagtgc tggcg . gca aga
AC004063   1  57320 32 ttt ttc tgc tggct cagtga ggtca t gaa gac
AC004066   0  96341 29 ctg ctg c   ttggt cagtgc attag . cag aaa
AC004067   0  59761 32 ttc ttt ttc ttaaa cagtgt tttga a aag att
AC004067   0  59763 29 ctt ttt c   ttaaa cagtgt tttga . aaa gat
AC004073   1  67416 32 gcc ttt gtc taggc cagtgg gttta a aag gaa
AC004126   1  99296 29 gct ctc c   ggggc cagtgg gcttt . gag gat
AC004134   0  94680 32 aat atg tgc tggtg cagtgc tgcca c cat gtg
AC004144   0  19888 32 tgt tca tgc ttgtc cagtgg gatgg g tgg tga
AC004156   1  14147 29 cct ggg c   tgagg cagtgg cttcg . ctc acg
AC004161   1  72477 32 cca att tac tgaga cagtgt tcttg c aat tgt
AC004164   0  18741 29 aca ggt c   tcatt cagtga gatga . att cat
AC004180   1  40137 32 gaa acc atc aggag cagtgg ttctt t ggt ctc
AC004182   1   6585 32 gaa acc atc aggag cagtgg ttctt t ggt ctc
AC004189   1  29969 32 caa tac ctc tcctc cagtgt gagga a gtg aaa
AC004195   1  19341 29 tct ggt c   agggg cagtgg ctcct . gcc tgt
AC004199   0  14881 29 cag cat c   agggg cagtga ttcct . atg tga
AC004209   1  32670 32 cac cct aac taata cagtgc tgtta t agg tac
AC004227   1  66433 32 gta tgt ggc tttta cagtgc tagaa a atg tag
AC004259   1  48452 29 gcc agg c   taaaa cagtgt ttttg . ttt gtt
AC004453   1  84003 32 tga gac acc atttc cagtgg ggagt t gtc cca
AC004456   1  78810 32 caa gtt ctc tagaa cagtgc ttcta a aac ctc
AC004528   1  20324 29 ctt ggg c   tccca cagtgc tggga . ttc cag
AC004547   1  40922 32 gcc ttc tcc cttaa cagtgt ttgag t ggg cat
AC004552   1  46572 29 atc ggg c   tgggg cagtga cttca . ctt aag
AC004587   1  40848 29 aca ggc c   atggg cagtgg ctcat . gcc tgt
AC004600   1  69309 29 gcc agg c   taaaa cagtgt ttttg . ttt gtt
AC004655   1  17889 32 gct gtg cac ataca cagtgt tgtat g tat tct
AC004674   0   1211 29 aac aag c   atatg cagtgc tgtat . ctt atc
AC004678   1  21505 29 atc tgt c   tttgc cagtgt gcggg . gta ccg
AC004687   0 174631 32 gcc ttt ttc cccca cagtgg tgggg g gag gct
AC004687   0 174633 29 ctt ttt c   cccca cagtgg tgggg . gga ggc
AC004690   1  75974 29 ggc ttc c   tgcca cagtgg tggca . gaa cta
AC004789   0  28882 29 ggt cac c   caagg cagtgg ctttg . gtg gtc
AC004794   0  24737 32 gcc ttg gcc tccca cagtgc tggga t tag agg
AC004812   1 103777 29 agc agc c   tcaca cagtgt tgtgg . gtt ttt
AC004829   1 104076 29 ggt att c   tatat cagtgt atgta . aat gtg
AC004876   1  12414 29 ggt ggc c   ggggg cagtgg ctctt . gcc tgt
AC004927   0  48196 32 gga tgc ttc caggg cagtgt tcttg g gca taa
AC004986   0   8970 29 ata gtg c   tgaaa cagtgt tttca . tgt cag
AC004991   1  66441 32 gcc agg cac actca cagtgg tgagt g cct ata
AC005014   1  37862 29 gtt gag c   aaaaa cagtga ttttt . ttt ttt
AC005036   0  29586 29 gta caa c   aattt cagtgt gggtt . ttg cat
AC005039   0  44597 32 gtt ttg ggc aaagc cagtgt gcttt g tgg gta
AC005053   0  40784 29 tgg tgg c   cacag cagtgc ctgtg . tta ctc
AC005058   1   8485 29 ccc agg c   tggtg cagtgg cgcca . tct cgg
AC005074   0   8124 29 ttg ttt c   aagaa cagtgc ttttt . aaa ctt
AC005090   1  14913 32 agg tgt gac cagct cagtgt ggctg g atg agg
AC005203   0   2965 29 tca cta c   gtggt cagtga gccac . tgg gac
AC005229   0 138940 32 ttt caa gtc ttttg cagtga caaaa c ttg aat
AC005243   0 100857 29 aga gat c   aaggg cagtgt ctctt . gtc aac
AC005254   1   6053 29 ctc tcc c   agcct cagtgt aggct . gga ggt
AC005257   0   1859 32 acc ttg gcc tccca cagtgc tggga t taa agg
AC005274   1 153800 32 cct gta gcc aatgc cagtga gtgtt g tac att
AC005284   1 144964 32 aaa ggg ctc taggg cagtga tttta t ttt cta
AC005306   1  15146 29 cag gtg c   gttgt cagtga gcagt . cat att
AC005345   0 105533 32 ttg ttt gtc tagta cagtgc tactg a aaa tgt
AC005357   1  27076 32 gtc gtg gcc tccca cagtgc tggga t tat aag
AC005358   1  19000 29 tag gag c   cgggg cagtgg ctttg . ttt ttt
AC005358   1  19002 32 tgt agg agc cgggg cagtgg ctttg t ttt ttg
AC005364   1  17980 29 tgt act c   taccc cagtgt gggtg . agt gcc
AC005365   0  21217 29 agc agc c   aggca cagtgg tgcct . gct tat
AC005406   0 203633 32 tat ggg agc agtgg cagtgc ctact c ctc aag
AC005410   1  43821 32 acc ttg gcc tccca cagtgc tggga t taa cag
AC005479   1  10037 32 ctt ctg ggc ttggg cagtgc tccag g cag ggc
AC005541   0  59014 29 agg ctt c   tgttt cagtgg aaata . aag gaa
AC005553   1  29162 32 gac agg ccc ccttc cagtgc ggagg g tct gat
AC005592   1   9891 32 gcc ttg gcc tccta cagtgc tagga t tag agg
AC005610   1  42034 32 ttt aga ttc tccgg cagtgt ttgga t ttt tac
AC005703   0 167892 29 ccc ttt c   tgctg cagtga cagtg . ggg cta
AC005731   1 126619 29 gtt gat c   tttgt cagtga gtgaa . att caa
AC005913   0  96842 32 gtc tct tgc ttcaa cagtgt ttgga c gga aca
AC005913   0  96844 29 ctc ttg c   ttcaa cagtgt ttgga . cgg aac
AC005962   1 160571 29 ctt ttt c   cccca cagtgg tgggg . gga ggc
AC005962   1 160573 32 gcc ttt ttc cccca cagtgg tgggg g gag gct
AC006012   1 101902 32 att tta agc agttt cagtgg aggct t tgg gga
AC006040   1  65962 29 gag aat c   tttgt cagtga acagg . gtt ttg
AC006040   1  65964 32 gag aga atc tttgt cagtga acagg g ttt tgg
AC006049   0   6216 32 ttt tct tcc cttca cagtga tgaag a ggg gca
AC006111   0 113862 29 tca cta c   gtggt cagtga gccac . tgg gac
AC006112   0  36620 32 ccc tcc cgc ggagt cagtgg gcttc a gga agc
AC006112   1 130892 29 tat ttt c   cttga cagtgc tcaag . aaa atg
AC006118   0   3304 29 aca ggt c   tcatt cagtga gatga . att cat
AC006197   0  64257 32 agt tct ctc ttcta cagtga tggga c aga aaa
AC006198   0  23167 29 tca ggc c   aggcg cagtgg tgctt . gcc tgt
AC006213   0 147333 29 gaa tat c   acaag cagtgc tttgt . atg ggc
AC006361   0  73632 32 tgt ctt ctc ttctt cagtgg gagag a gag aga
AC006361   0  73634 29 tct tct c   ttctt cagtgg gagag . aga gag
AC006398   0  44136 32 ata ttt ctc agaag cagtgt tttct g aaa cat
AC006596   0  98807 32 aag tgt ttc tgtgt cagtgt gtaca c gta agt
AF015730   1   1953 32 gcc gag gac agggt cagtgc gtcct c ctc ctc
AF015731   1   1951 32 gcc gag gac agggt cagtgc gtcct c ctc ctc
AF021953   1    249 29 cat ctg c   agaac cagtga gttct . tgg cgt
AF025422   1   9756 32 aaa ggt ttc agtta cagtga taact c att tcc
AF027807   1  17577 29 gat ttt c   aagat cagtga gtttt . ggg att
AF041427   0  22817 32 gag aga atc tttgt cagtga acagg g ttt tgg
AF041427   0  22819 29 gag aat c   tttgt cagtga acagg . gtt ttg
AF042786   0     33 32 tgt ggg ggc cgtgg cagtgc ctgtg g tct ttg
AF051934   0 129735 32 ctt ctc aac aggag cagtga ttttt a ggg ggg
AF059195   1   1307 29 ttt ggt c   ttgtt cagtgc aacgg . gtc agg
AF059611   0     98 29 ccg cgg c   gcctg cagtgg caggc . ttg ctc
AF060568   0  20086 29 tac taa c   tgtga cagtgg ttgtg . tta ctt
AF067733   0     42 32 tgt ggg ggc cgtgg cagtgc ctgtg g tct ttg
AF068624   0  10368 29 ttc gtt c   gtcct cagtgc agggc . aac agg
AF073799   0     67 32 tgt ggg ggc cgtgg cagtgc ctgtg g tct ttg
AF082802   1   3872 32 agc tgt ggc tgtgg cagtgg ccacg a atg cgt
AF098799   0    518 29 tca gtc c   gataa cagtgc ttgtt . ggc tag
AF099745   0    629 29 cct cat c   tttgt cagtgc acaaa . atg gct
AF124730   1  36736 29 ctg gct c   catta cagtgt tagtg . agt ttc
AF129108   0  11433 32 ctt ctc aac aggag cagtga ttttt a ggg ggg
BABLCAT    1    456 29 cag gtt c   tgcac cagtgt gtgca . ggt acc
D87000     1  33040 32 cat cct gac ctctg cagtgg tggag g agg agg
D87675     0 168205 32 ctc ttg tac tgaag cagtgc tttca t tag cat
HS09008    0    903 29 cct ccc c   tttgt cagtgt ataga . ggg ttc
HS103M22   0 100596 29 ggt ctt c   tcttg cagtgg taaga . agg gtc
HS1048E9   0  26206 29 ggt ggc c   aggag cagtgg ctctt . gcc tgt
HS116F5    0  12589 29 tct cag c   tcagg cagtgc cctgg . ctg ctg
HS1177E19  1  80378 32 gct tca ggc agcct cagtga aggtt c tgg tga
HS150O5    0  28946 29 tag aca c   tggcc cagtga ggtca . tgt gag
HS150O5    1   4405 29 aaa agc c   tttaa cagtgt ttgag . gct ggg
HS198C21   1 118277 32 cta gag agc gaggg cagtgg ttttt a ttc ttg
HS229042   0 215843 32 ctt ctc aac aggag cagtga ttttt a ggg ggg
HS27C10    1  38668 29 act ttt c   tttta cagtgg taggg . aaa ctt
HS296K21   0  18197 29 ttc gtt c   gtcct cagtgc agggc . aac agg
HS341E18   1  24780 29 att gag c   atctc cagtga gaggt . ttt gta
HS362G17   1  12704 29 ctc tgg c   aggga cagtgt ttcct . cca ttg
HS365E2    1  70394 29 gga tta c   agggg cagtga ctttt . taa ttt
HS37J18    1  58307 32 tcc ttc gtc agaac cagtga gttct a ggg gaa
HS381E2    1   6081 29 tat tgg c   cttgg cagtgt ctgag . cca taa
HS388N15   0  96674 29 ggt aga c   tgttt cagtgg aaata . tct gaa
HS398I9    1  41566 29 tgt tct c   tcagt cagtga gctgg . gga cat
HS398I9    1  41568 32 tct gtt ctc tcagt cagtga gctgg g gac atg
HS3E5      0  58404 29 tat ttt c   cagaa cagtgc ttctg . aaa ccg
HS422G23   0 118949 32 acc tag tcc agctc cagtgg gagtt c tta tag
HS427A4    1  14067 29 gag tct c   tagaa cagtgg ttctg . ggg cgg
HS438G17   0 145487 32 att tgt agc cttta cagtgt tgagg t aca aac
HS453A3    0  16779 29 gat tgc c   tgcta cagtgg tagca . gtg gta
HS453C12   0  98093 32 cct ggg ttc tggcc cagtgt ggcta c ttc ctg
HS453C12   0 101246 29 aag tcc c   tgctt cagtgg gggtg . ggg gcg
HS80I19    0  17102 32 gtg ata cac agatt cagtgc aattt c tat aaa
HS884M20   0  19699 29 ttc gtt c   gtcct cagtgc agggc . aac agg
HS88D7     0  59734 32 aca gac ctc cacca cagtgc tggtg t gtt cca
HSA17864   1   8603 32 aaa tga atc actga cagtgt tcagt a tca aat
HSAC000057 1  58124 32 gca gtt agc tgttt cagtgt gaatg t agc aat
HSAC000115 1  87139 32 cac tat gac tagtt cagtgt ggtta c ata tct
HSAC000362 1   3486 32 aac ctg tgc caggg cagtgg ctttg c cag ggg
HSAC000366 1  36516 32 aac ctg tgc caggg cagtgg ctttg c cag ggg
HSAC001490 1   1794 32 gta tgt ggc tttta cagtgc tagaa a atg tag
HSAC002072 1  39361 32 gca tct gtc tctct cagtgg agaga t gga cca
HSAC002086 1 103795 32 ttg tat ttc tgctt cagtgg aagtg t gta ggg
HSACO2G01  0    251 29 cct cat c   tttgt cagtgc acaaa . atg gcg
HSAFLP1    0      1 29 gtc ttg c   ttcaa cagtgt ttgga . cgg aag
HSALASR    0     10 29 ttc gtt c   gtcct cagtgc agggc . aac agg
HSAPTF3    1    154 32 tct gat gcc cagtg cagtgc tactg c atc cga
HSBCASR    1    429 29 gat ttt c   aagat cagtga gtttt . ggg att
HSBETCASA  1    415 29 gat ttt c   aagat cagtga gtttt . ggg att
HSCSF1G1   0    446 32 gtg tgt gtc tgtgt cagtgt gtgtg t gtg tgt
HSDBLPRO   1   2769 32 aca gac ctc cacca cagtgc tggtg t gtt cca
HSDNARA    0   3361 29 ggg cca c   ggagg cagtgt cctcc . tgg gtg
HSDOXBR    1    958 29 tca ttt c   ttctt cagtga gagaa . aag tca
HSFERG1    0    207 32 gtt tcc tgc ttcaa cagtgc ttgga c gga acc
HSFERG1    0    209 29 ttc ctg c   ttcaa cagtgc ttgga . cgg aac
HSFERP1    0    118 32 gtt tcc tgc ttcaa cagtgc ttgga c gga acc
HSFERP1    0    120 29 ttc ctg c   ttcaa cagtgc ttgga . cgg aac
HSFERP2    0    118 32 gtt tcc tgc ttcaa cagtgc ttgga c gga acc
HSFERP2    0    120 29 ttc ctg c   ttcaa cagtgc ttgga . cgg aac
HSFERRL    0      3 32 gtc tct tgc ttcaa cagtgt ttgga c gga aca
HSFERRL    0      5 29 ctc ttg c   ttcaa cagtgt ttgga . cgg aac
HSJ256K2A  0  52818 32 ccc ttt cac ttgaa cagtgt ttcag t ggg acc
HSJ256K2A  0  52820 29 ctt tca c   ttgaa cagtgt ttcag . tgg gac
HSL14A17   1    257 29 tct ggt c   agggg cagtgg ctcct . gcc tgt
HSL81402   0   2198 29 ttg tgt c   tgttg cagtgc tggcg . gca aga
HSLCAT1    1    559 29 cag gtt c   tgcac cagtgt gtgca . ggt acc
HSLCATG    1   2198 29 cag gtt c   tgcac cagtgt gtgca . ggt acc
HSMCF2PO   1   1523 32 aca gac ctc cacca cagtgc tggtg t gtt cca
HSN104C7   1  13015 32 gtc atg gcc tccca cagtgt tggga t tat agg
HSN38E12   0  12204 29 gtg acc c   tttct cagtga gggaa . ggt gat
HSNEBUL2   1   4687 29 tcc ttg c   cttat cagtgt atagg . taa tta
HSNFG9     0  21020 32 gcc cgc agc cagct cagtgg agctg a gcg tcc
HSNMDAR1C  1   7637 32 gcc gag gac agggt cagtgc gtcct c ctc ctc
HSPIR      0   1092 29 gga tgg c   tcatt cagtgt ggtga . tca cag
HSRINGG    1  11769 32 caa tac ctc tcctc cagtgt gagga a gtg aaa
HSRNANEB   1  15834 29 ccc ttg c   cttat cagtgt atagg . taa tta
HSRPE65G03 0    572 32 caa tgt acc tgggc cagtgt gtctg c atg gat
HSRYR3     1   8041 29 gaa agg c   cttat cagtgg gtggg . tct tca
HSTBL1     1   2056 32 gct ggt ggc gggcc cagtgg ggctc c act tga
HSTCRBK17  0  27259 32 cct gag cac aggtg cagtgc tgcct g ctc cgc
HSTRR      0   3481 29 aat tat c   ggaag cagtgc cttcc . ata att
HSTRR      0   3884 29 cat tat c   gggag cagtgt cttcc . ata atg
HSTRR      0   3949 29 ctg tat c   ggaga cagtga tctcc . ata tgt
HSTRR      0   3996 29 aat tat c   gggaa cagtgt ttccc . ata att
HSU05597   1    238 29 gtc ttc c   ggggc cagtga gtctc . gag gac
HSU05597   1    240 32 aag tct tcc ggggc cagtga gtctc g agg act
HSU08106   1    824 32 gcc gag gac agggt cagtgc gtcct c ctc ctc
HSU09284   0    207 29 ctg tac c   atgag cagtgt ttcgt . gtg cgc
HSU24266   0   1458 32 tgg cct cac ggggg cagtgt tctcc c agg ata
HSU24267   0   1458 32 tgg cct cac ggggg cagtgt tctcc c agg ata
HSU53588   0  34520 29 cag cat c   agggg cagtga ttcct . atg tga
HSU65896   0  13608 29 ctc ctc c   ttgga cagtgt tccgg . ggg ttc
HSU72671   1    935 32 agc tgt ggc tgtgg cagtgg ccacg a atg cgt
HSU82671   1  72498 32 ata ggg cac taggg cagtgg cccta a cct tac
HSU84249   1   1237 29 ttg ggt c   ttgtt cagtgc aacgg . gtc agg
HSU84249   1   1239 32 att tgg gtc ttgtt cagtgc aacgg g tca ggc
HSU87901   0    194 29 cct cat c   tttgt cagtgc acaaa . atg gcg
HSU91327   0  42725 29 tct ctg c   tttta cagtgg tggaa . tag tag
HSUNG      0    912 29 cct ccc c   tttgt cagtgt ataga . ggg ttc
HSUNGGENE  0  13115 29 cct ccc c   tttgt cagtgt ataga . ggg ttc
HSY08371   0    383 29 aga ttt c   ggaag cagtgc tttct . gga tat
HSY14747   0   1052 29 ggc tgg c   agggg cagtga ccctt . cca ggg
HSZ80686   0    259 32 gcg aga acc tctag cagtga ctgga c tct tga
HUM2C9X01  0   1140 32 gcg ttt cac ttctg cagtga tggag a agg gag
HUM2G3A    1  83691 29 gga ggc c   gggcg cagtgg cgctc . gcc tgt
HUMBRCA1   0 108776 29 agt tct c   gtatt cagtgg agtgt . ggg ggc
HUMDBLTP   1   1651 32 aca gac ctc cacca cagtgc tggtg t gtt cca
HUMDNASEI  0    414 29 tca cta c   gtggt cagtga gccac . tgg gac
HUMFERHC1  0    195 32 gtt tcc tgc ttcaa cagtgc ttgga c gga acc
HUMFERHC1  0    197 29 ttc ctg c   ttcaa cagtgc ttgga . cgg aac
HUMFERHX   0    949 32 gtt tcc tgc ttcag cagtgc ttgga c gga acc
HUMFERHX   0    951 29 ttc ctg c   ttcag cagtgc ttgga . cgg aac
HUMFERRITH 0     29 32 gtt tcc tgc ttcaa cagtgc ttgga c gga acc
HUMFERRITH 0     31 29 ttc ctg c   ttcaa cagtgc ttgga . cgg aac
HUMFHC122  0     30 32 gtt tcc tgc ttcaa cagtgc ttgga c gga acc
HUMFHC122  0     32 29 ttc ctg c   ttcaa cagtgc ttgga . cgg aac
HUMIGRPOLY 0    699 29 gga tgg c   tcatt cagtgt ggtga . tca cag
HUMIRRA    1    556 29 cac act c   tctgg cagtgg ctgga . ggt cca
HUMLAMIN03 1   3936 32 aca gag aac cagag cagtga ctctg a ctc tgt
HUMLCAT    1    723 29 cag gtt c   tgcac cagtgt gtgca . ggt acc
HUMLCATA   1    409 29 cag gtt c   tgcac cagtgt gtgca . ggt acc
HUMLCATGA  1    420 29 cag gtt c   tgcac cagtgt gtgca . ggt acc
HUMMAR     1   2910 32 gcc gag gac agggt cagtgc gtcct c ctc ctc
HUMMARA    1    921 32 gcc gag gac agggt cagtgc gtcct c ctc ctc
HUMMARB    1   1787 32 gcc gag gac agggt cagtgc gtcct c ctc ctc
HUMMARR    1   1988 32 gcc gag gac agggt cagtgc gtcct c ctc ctc
HUMNMDAREC 1   1834 32 gcc gag gac agggt cagtgc gtcct c ctc ctc
HUMRCP     0  10417 32 cct ggg ttc tggcc cagtgt ggcta c ttc ctg
HUMRCP     0  13572 29 aag tcc c   tgctt cagtgg gggtg . ggg gcg
HUU95737   1  55323 32 atg agc agc cctgc cagtgg gtagg g gct aag
S43435S04  0    524 29 gga tgg c   tcatt cagtgt ggtga . tca cag
S57280     0    390 29 ttc gtt c   gtcct cagtgc agggc . aat agg
S62403     0   1068 29 gga tgg c   tcatt cagtgt ggtga . tca cag
SOU61005   0    257 29 cat ata c   ttctg cagtgc tggag . tat cgg
U51559     0  30351 29 agg cct c   tgcag cagtgt ctgca . agg tgg
U66059     0 187128 32 cct gag cac aggtg cagtgc tgcct g ctc cgc
U97075     1    183 32 ttc aga atc ctttc cagtgg gggag t tct gtg
