#RM descr h5 ss h3
ARFRRLSA   0  137 18 cgctccc   ttac   gggagcg
ARFRRLSA   1  154 18 cgctccc   gtaa   gggagcg
ARURRE05   0  156 18 gcggagg   catc   cctccgc
ARURRE05   1  173 18 gcggagg   gatg   cctccgc
CHKUR5B    0   97 18 gctccgc   ttcg   gcggagc
CHKUR5B    1  114 18 gctccgc   cgaa   gcggagc
CLORR16SR  0  809 18 ggggggt   atcg   acccccc
CLORR16SR  1  826 18 ggggggt   cgat   acccccc
HYM28SRRNA 0  335 18 agccgcg   cgcg   cgcggct
HYM28SRRNA 1  352 18 agccgcg   cgcg   cgcggct
LBARRNAZ   0 1000 18 tcgcgcg   gaga   cgcgcga
LBARRNAZ   1 1017 18 tcgcgcg   tctc   cgcgcga
POB16SRRN  0  505 18 tccgggg   ctcn   ccccgga
POB16SRRN  1  522 18 tccgggg   ngag   ccccgga
PYWRRDX    0   47 20 ggcgtccc  ttct  gggacgcc
PYWRRDX    0   48 18 gcgtccc   ttct   gggacgc
PYWRRDX    0 1066 18 ccctccc   gctc   gggaggg
PYWRRDX    1   65 18 gcgtccc   agaa   gggacgc
PYWRRDX    1   66 20 ggcgtccc  agaa  gggacgcc
PYWRRDX    1 1083 18 ccctccc   gagc   gggaggg
RHSRRITSA  0   40 18 gcctcgc   tcgc   gcgaggc
RHSRRITSA  1   57 18 gcctcgc   gcga   gcgaggc
RSPRR16SD  0  953 18 gcctcgg   gaga   ccgaggc
RSPRR16SD  1  970 18 gcctcgg   tctc   ccgaggc
THCLRRNA   0  261 22 ccctccggg gaaa cccggaggg
THCLRRNA   0  262 20 cctccggg  gaaa  cccggagg
THCLRRNA   0  263 18 ctccggg   gaaa   cccggag
THCLRRNA   1  280 18 ctccggg   tttc   cccggag
THCLRRNA   1  281 20 cctccggg  tttc  cccggagg
THCLRRNA   1  282 22 ccctccggg tttc cccggaggg
TRPRRDSB   0 1036 18 ccgcctg   gaga   caggcgg
TRPRRDSB   1 1053 18 ccgcctg   tctc   caggcgg
TRRBRDNAA  0  116 22 gcccgccag tatt ctggcgggc
TRRBRDNAA  0  117 20 cccgccag  tatt  ctggcggg
TRRBRDNAA  0  118 18 ccgccag   tatt   ctggcgg
TRRBRDNAA  1  135 18 ccgccag   aata   ctggcgg
TRRBRDNAA  1  136 20 cccgccag  aata  ctggcggg
TRRBRDNAA  1  137 22 gcccgccag aata ctggcgggc
TTERRDA    0   61 22 cgcgcccgg ggcg ccgggcgcg
TTERRDA    0   62 20 gcgcccgg  ggcg  ccgggcgc
TTERRDA    0   63 18 cgcccgg   ggcg   ccgggcg
TTERRDA    1   80 18 cgcccgg   cgcc   ccgggcg
TTERRDA    1   81 20 gcgcccgg  cgcc  ccgggcgc
TTERRDA    1   82 22 cgcgcccgg cgcc ccgggcgcg
ULOERRNAA  0  225 18 cgtgccc   tcac   gggcacg
ULOERRNAA  0 1785 18 ccgcagg   tgaa   cctgcgg
ULOERRNAA  1  242 18 cgtgccc   gtga   gggcacg
ULOERRNAA  1 1802 18 ccgcagg   ttca   cctgcgg
